<?xml version="1.0" encoding="UTF-8"?>
<!-- Generated by org.testng.reporters.JUnitReportReporter -->
<testsuite hostname="DESKTOP-ECA6PBO" failures="0" tests="1" name="tests.Runner2" time="6.813" errors="0" timestamp="2024-03-15T12:05:24 GMT" skipped="0">
  <testcase classname="tests.Runner2" name="runScenario" time="6.813"/>
  <system-out/>
</testsuite> <!-- tests.Runner2 -->
