<?xml version="1.0" encoding="UTF-8"?>
<!-- Generated by org.testng.reporters.JUnitReportReporter -->
<testsuite hostname="DESKTOP-ECA6PBO" failures="0" tests="1" name="tests.Runner6" time="17.403" errors="0" timestamp="2024-03-18T04:56:08 GMT" skipped="0">
  <testcase classname="tests.Runner6" name="runScenario" time="17.403"/>
  <system-out/>
</testsuite> <!-- tests.Runner6 -->
